#
# There is insufficient memory for the Java Runtime Environment to continue.
# Native memory allocation (mmap) failed to map 65536 bytes for Failed to commit metaspace.
# Possible reasons:
#   The system is out of physical RAM or swap space
#   The process is running with CompressedOops enabled, and the Java Heap may be blocking the growth of the native heap
# Possible solutions:
#   Reduce memory load on the system
#   Increase physical memory or swap space
#   Check if swap backing store is full
#   Decrease Java heap size (-Xmx/-Xms)
#   Decrease number of Java threads
#   Decrease Java thread stack sizes (-Xss)
#   Set larger code cache with -XX:ReservedCodeCacheSize=
#   JVM is running with Unscaled Compressed Oops mode in which the Java heap is
#     placed in the first 4GB address space. The Java Heap base address is the
#     maximum limit for the native heap growth. Please use -XX:HeapBaseMinAddress
#     to set the Java Heap base and to place the Java Heap above 4GB virtual address.
# This output file may be truncated or incomplete.
#
#  Out of Memory Error (virtualSpaceNode.cpp:110), pid=14344, tid=16412
#
# JRE version: Java(TM) SE Runtime Environment (18.0.2+9) (build 18.0.2+9-61)
# Java VM: Java HotSpot(TM) 64-Bit Server VM (18.0.2+9-61, mixed mode, emulated-client, sharing, tiered, compressed oops, compressed class ptrs, g1 gc, windows-amd64)
# No core dump will be written. Minidumps are not enabled by default on client versions of Windows
#

---------------  S U M M A R Y ------------

Command Line: -XX:TieredStopAtLevel=1 -Xverify:none -Dspring.output.ansi.enabled=always -javaagent:E:\IntelliJ IDEA\IntelliJ IDEA 2021.3\lib\idea_rt.jar=54018:E:\IntelliJ IDEA\IntelliJ IDEA 2021.3\bin -Dcom.sun.management.jmxremote -Dspring.jmx.enabled=true -Dspring.liveBeansView.mbeanDomain -Dspring.application.admin.enabled=true -Dfile.encoding=UTF-8 com.asw.dats.DatsApplication

Host: Intel(R) Core(TM) i7-6500U CPU @ 2.50GHz, 4 cores, 7G,  Windows 10 , 64 bit Build 19041 (10.0.19041.1889)
Time: Mon Sep 26 21:55:31 2022 India Standard Time elapsed time: 41.785842 seconds (0d 0h 0m 41s)

---------------  T H R E A D  ---------------

Current thread (0x0000025232380810):  JavaThread "main" [_thread_in_vm, id=16412, stack(0x0000005e4fc00000,0x0000005e4fd00000)]

Stack: [0x0000005e4fc00000,0x0000005e4fd00000]
Native frames: (J=compiled Java code, j=interpreted, Vv=VM code, C=native code)
V  [jvm.dll+0x6993ca]
V  [jvm.dll+0x7f481d]
V  [jvm.dll+0x7f612e]
V  [jvm.dll+0x7f67e3]
V  [jvm.dll+0x25cdaf]
V  [jvm.dll+0x7f052b]
V  [jvm.dll+0x63f546]
V  [jvm.dll+0x1d741e]
V  [jvm.dll+0x641eeb]
V  [jvm.dll+0x641cee]
V  [jvm.dll+0x63ff0e]
V  [jvm.dll+0x38e1f2]
V  [jvm.dll+0x1fa45b]
V  [jvm.dll+0x55dc2e]
V  [jvm.dll+0x76e993]
V  [jvm.dll+0x76ea74]
V  [jvm.dll+0x42d7b4]
V  [jvm.dll+0x4334bf]
C  [java.dll+0x17ec]

Java frames: (J=compiled Java code, j=interpreted, Vv=VM code)
J 1211  java.lang.ClassLoader.defineClass1(Ljava/lang/ClassLoader;Ljava/lang/String;[BIILjava/security/ProtectionDomain;Ljava/lang/String;)Ljava/lang/Class; java.base@18.0.2 (0 bytes) @ 0x000002523b7cf4e3 [0x000002523b7cf420+0x00000000000000c3]
J 1246 c1 java.lang.ClassLoader.defineClass(Ljava/lang/String;[BIILjava/security/ProtectionDomain;)Ljava/lang/Class; java.base@18.0.2 (43 bytes) @ 0x000002523b7e0fdc [0x000002523b7e0ee0+0x00000000000000fc]
J 1235 c1 jdk.internal.loader.BuiltinClassLoader.defineClass(Ljava/lang/String;Ljdk/internal/loader/Resource;)Ljava/lang/Class; java.base@18.0.2 (121 bytes) @ 0x000002523b7db764 [0x000002523b7db2a0+0x00000000000004c4]
J 1214 c1 jdk.internal.loader.BuiltinClassLoader.findClassOnClassPathOrNull(Ljava/lang/String;)Ljava/lang/Class; java.base@18.0.2 (64 bytes) @ 0x000002523b7d0a54 [0x000002523b7d07c0+0x0000000000000294]
J 1070 c1 jdk.internal.loader.BuiltinClassLoader.loadClassOrNull(Ljava/lang/String;Z)Ljava/lang/Class; java.base@18.0.2 (143 bytes) @ 0x000002523b79310c [0x000002523b792d60+0x00000000000003ac]
J 1137 c1 jdk.internal.loader.ClassLoaders$AppClassLoader.loadClass(Ljava/lang/String;Z)Ljava/lang/Class; java.base@18.0.2 (40 bytes) @ 0x000002523b7ac1fc [0x000002523b7ac1c0+0x000000000000003c]
J 1127 c1 java.lang.ClassLoader.loadClass(Ljava/lang/String;)Ljava/lang/Class; java.base@18.0.2 (7 bytes) @ 0x000002523b7aa3e4 [0x000002523b7aa3a0+0x0000000000000044]
v  ~StubRoutines::call_stub
J 2835  java.lang.Class.getDeclaredMethods0(Z)[Ljava/lang/reflect/Method; java.base@18.0.2 (0 bytes) @ 0x000002523b9a9263 [0x000002523b9a9220+0x0000000000000043]
J 1830 c1 java.lang.Class.privateGetDeclaredMethods(Z)[Ljava/lang/reflect/Method; java.base@18.0.2 (64 bytes) @ 0x000002523b83721c [0x000002523b837180+0x000000000000009c]
J 2834 c1 java.lang.Class.privateGetPublicMethods()[Ljava/lang/reflect/Method; java.base@18.0.2 (224 bytes) @ 0x000002523b9a98a4 [0x000002523b9a9740+0x0000000000000164]
J 2834 c1 java.lang.Class.privateGetPublicMethods()[Ljava/lang/reflect/Method; java.base@18.0.2 (224 bytes) @ 0x000002523b9a99f4 [0x000002523b9a9740+0x00000000000002b4]
J 3056 c1 java.lang.Class.getMethods()[Ljava/lang/reflect/Method; java.base@18.0.2 (26 bytes) @ 0x000002523b937774 [0x000002523b937740+0x0000000000000034]
j  org.hibernate.service.internal.AbstractServiceRegistryImpl.applyInjections(Lorg/hibernate/service/Service;)V+4
j  org.hibernate.service.internal.AbstractServiceRegistryImpl.injectDependencies(Lorg/hibernate/service/spi/ServiceBinding;)V+7
j  org.hibernate.service.internal.AbstractServiceRegistryImpl.initializeService(Lorg/hibernate/service/spi/ServiceBinding;)Lorg/hibernate/service/Service;+45
j  org.hibernate.service.internal.AbstractServiceRegistryImpl.getService(Ljava/lang/Class;)Lorg/hibernate/service/Service;+88
j  org.hibernate.id.factory.internal.DefaultIdentifierGeneratorFactory.injectServices(Lorg/hibernate/service/spi/ServiceRegistryImplementor;)V+9
j  org.hibernate.service.internal.AbstractServiceRegistryImpl.injectDependencies(Lorg/hibernate/service/spi/ServiceBinding;)V+24
j  org.hibernate.service.internal.AbstractServiceRegistryImpl.initializeService(Lorg/hibernate/service/spi/ServiceBinding;)Lorg/hibernate/service/Service;+45
j  org.hibernate.service.internal.AbstractServiceRegistryImpl.getService(Ljava/lang/Class;)Lorg/hibernate/service/Service;+88
j  org.hibernate.boot.internal.InFlightMetadataCollectorImpl.<init>(Lorg/hibernate/boot/spi/BootstrapContext;Lorg/hibernate/boot/spi/MetadataBuildingOptions;)V+277
j  org.hibernate.boot.model.process.spi.MetadataBuildingProcess.complete(Lorg/hibernate/boot/model/process/spi/ManagedResources;Lorg/hibernate/boot/spi/BootstrapContext;Lorg/hibernate/boot/spi/MetadataBuildingOptions;)Lorg/hibernate/boot/spi/MetadataImplementor;+6
j  org.hibernate.jpa.boot.internal.EntityManagerFactoryBuilderImpl.metadata()Lorg/hibernate/boot/spi/MetadataImplementor;+30
j  org.hibernate.jpa.boot.internal.EntityManagerFactoryBuilderImpl.build()Ljavax/persistence/EntityManagerFactory;+3
j  org.springframework.orm.jpa.vendor.SpringHibernateJpaPersistenceProvider.createContainerEntityManagerFactory(Ljavax/persistence/spi/PersistenceUnitInfo;Ljava/util/Map;)Ljavax/persistence/EntityManagerFactory;+55
j  org.springframework.orm.jpa.LocalContainerEntityManagerFactoryBean.createNativeEntityManagerFactory()Ljavax/persistence/EntityManagerFactory;+129
j  org.springframework.orm.jpa.AbstractEntityManagerFactoryBean.buildNativeEntityManagerFactory()Ljavax/persistence/EntityManagerFactory;+1
j  org.springframework.orm.jpa.AbstractEntityManagerFactoryBean.afterPropertiesSet()V+192
j  org.springframework.orm.jpa.LocalContainerEntityManagerFactoryBean.afterPropertiesSet()V+77
j  org.springframework.beans.factory.support.AbstractAutowireCapableBeanFactory.invokeInitMethods(Ljava/lang/String;Ljava/lang/Object;Lorg/springframework/beans/factory/support/RootBeanDefinition;)V+106
j  org.springframework.beans.factory.support.AbstractAutowireCapableBeanFactory.initializeBean(Ljava/lang/String;Ljava/lang/Object;Lorg/springframework/beans/factory/support/RootBeanDefinition;)Ljava/lang/Object;+59
j  org.springframework.beans.factory.support.AbstractAutowireCapableBeanFactory.doCreateBean(Ljava/lang/String;Lorg/springframework/beans/factory/support/RootBeanDefinition;[Ljava/lang/Object;)Ljava/lang/Object;+245
j  org.springframework.beans.factory.support.AbstractAutowireCapableBeanFactory.createBean(Ljava/lang/String;Lorg/springframework/beans/factory/support/RootBeanDefinition;[Ljava/lang/Object;)Ljava/lang/Object;+169
j  org.springframework.beans.factory.support.AbstractBeanFactory.lambda$doGetBean$0(Ljava/lang/String;Lorg/springframework/beans/factory/support/RootBeanDefinition;[Ljava/lang/Object;)Ljava/lang/Object;+4
j  org.springframework.beans.factory.support.AbstractBeanFactory$$Lambda$305+0x0000000800dae280.getObject()Ljava/lang/Object;+16
j  org.springframework.beans.factory.support.DefaultSingletonBeanRegistry.getSingleton(Ljava/lang/String;Lorg/springframework/beans/factory/ObjectFactory;)Ljava/lang/Object;+132
J 2870 c1 org.springframework.beans.factory.support.AbstractBeanFactory.doGetBean(Ljava/lang/String;Ljava/lang/Class;[Ljava/lang/Object;Z)Ljava/lang/Object; (832 bytes) @ 0x000002523b9932d4 [0x000002523b992d00+0x00000000000005d4]
j  org.springframework.beans.factory.support.AbstractBeanFactory.getBean(Ljava/lang/String;)Ljava/lang/Object;+5
j  org.springframework.context.support.AbstractApplicationContext.getBean(Ljava/lang/String;)Ljava/lang/Object;+9
j  org.springframework.context.support.AbstractApplicationContext.finishBeanFactoryInitialization(Lorg/springframework/beans/factory/config/ConfigurableListableBeanFactory;)V+100
j  org.springframework.context.support.AbstractApplicationContext.refresh()V+86
j  org.springframework.boot.web.servlet.context.ServletWebServerApplicationContext.refresh()V+1
j  org.springframework.boot.SpringApplication.refresh(Lorg/springframework/context/ConfigurableApplicationContext;)V+1
j  org.springframework.boot.SpringApplication.refreshContext(Lorg/springframework/context/ConfigurableApplicationContext;)V+16
j  org.springframework.boot.SpringApplication.run([Ljava/lang/String;)Lorg/springframework/context/ConfigurableApplicationContext;+107
j  org.springframework.boot.SpringApplication.run([Ljava/lang/Class;[Ljava/lang/String;)Lorg/springframework/context/ConfigurableApplicationContext;+9
j  org.springframework.boot.SpringApplication.run(Ljava/lang/Class;[Ljava/lang/String;)Lorg/springframework/context/ConfigurableApplicationContext;+9
j  com.asw.dats.DatsApplication.main([Ljava/lang/String;)V+3
v  ~StubRoutines::call_stub

---------------  P R O C E S S  ---------------

Threads class SMR info:
_java_thread_list=0x000002524aef1060, length=16, elements={
0x0000025232380810, 0x00000252459798c0, 0x000002524597a580, 0x0000025245994a80,
0x00000252459955f0, 0x0000025245996eb0, 0x0000025245997760, 0x0000025245998010,
0x0000025245999e50, 0x0000025249c408c0, 0x0000025249f8f140, 0x0000025249f8f600,
0x000002524a134290, 0x0000025249c21a50, 0x000002524af79580, 0x000002524af79a40
}

Java Threads: ( => current thread )
=>0x0000025232380810 JavaThread "main" [_thread_in_vm, id=16412, stack(0x0000005e4fc00000,0x0000005e4fd00000)]
  0x00000252459798c0 JavaThread "Reference Handler" daemon [_thread_blocked, id=12188, stack(0x0000005e50300000,0x0000005e50400000)]
  0x000002524597a580 JavaThread "Finalizer" daemon [_thread_blocked, id=13928, stack(0x0000005e50400000,0x0000005e50500000)]
  0x0000025245994a80 JavaThread "Signal Dispatcher" daemon [_thread_blocked, id=14980, stack(0x0000005e50500000,0x0000005e50600000)]
  0x00000252459955f0 JavaThread "Attach Listener" daemon [_thread_blocked, id=15716, stack(0x0000005e50600000,0x0000005e50700000)]
  0x0000025245996eb0 JavaThread "Service Thread" daemon [_thread_blocked, id=14892, stack(0x0000005e50700000,0x0000005e50800000)]
  0x0000025245997760 JavaThread "Monitor Deflation Thread" daemon [_thread_blocked, id=5816, stack(0x0000005e50800000,0x0000005e50900000)]
  0x0000025245998010 JavaThread "C1 CompilerThread0" daemon [_thread_blocked, id=15664, stack(0x0000005e50900000,0x0000005e50a00000)]
  0x0000025245999e50 JavaThread "Sweeper thread" daemon [_thread_blocked, id=13776, stack(0x0000005e50a00000,0x0000005e50b00000)]
  0x0000025249c408c0 JavaThread "Common-Cleaner" daemon [_thread_blocked, id=16520, stack(0x0000005e50b00000,0x0000005e50c00000)]
  0x0000025249f8f140 JavaThread "Monitor Ctrl-Break" daemon [_thread_in_native, id=7212, stack(0x0000005e50c00000,0x0000005e50d00000)]
  0x0000025249f8f600 JavaThread "Notification Thread" daemon [_thread_blocked, id=15444, stack(0x0000005e50d00000,0x0000005e50e00000)]
  0x000002524a134290 JavaThread "RMI TCP Accept-0" daemon [_thread_in_native, id=9888, stack(0x0000005e50f00000,0x0000005e51000000)]
  0x0000025249c21a50 JavaThread "Catalina-utility-1" [_thread_blocked, id=10032, stack(0x0000005e51500000,0x0000005e51600000)]
  0x000002524af79580 JavaThread "Catalina-utility-2" [_thread_blocked, id=9428, stack(0x0000005e51600000,0x0000005e51700000)]
  0x000002524af79a40 JavaThread "container-0" [_thread_blocked, id=12424, stack(0x0000005e51700000,0x0000005e51800000)]

Other Threads:
  0x00000252459760c0 VMThread "VM Thread" [stack: 0x0000005e50200000,0x0000005e50300000] [id=11836] _threads_hazard_ptr=0x000002524aef1060
  0x00000252323816c0 WatcherThread "VM Periodic Task Thread" [stack: 0x0000005e51000000,0x0000005e51100000] [id=14316]
  0x00000252323de6a0 WorkerThread "GC Thread#0" [stack: 0x0000005e4fd00000,0x0000005e4fe00000] [id=12328]
  0x000002524a18e6f0 WorkerThread "GC Thread#1" [stack: 0x0000005e51100000,0x0000005e51200000] [id=17360]
  0x000002524a1ae590 WorkerThread "GC Thread#2" [stack: 0x0000005e51200000,0x0000005e51300000] [id=6052]
  0x000002524a1af090 WorkerThread "GC Thread#3" [stack: 0x0000005e51300000,0x0000005e51400000] [id=5052]
  0x00000252323eefe0 ConcurrentGCThread "G1 Main Marker" [stack: 0x0000005e4fe00000,0x0000005e4ff00000] [id=17736]
  0x00000252323ef8e0 WorkerThread "G1 Conc#0" [stack: 0x0000005e4ff00000,0x0000005e50000000] [id=10244]
  0x000002523242d490 ConcurrentGCThread "G1 Refine#0" [stack: 0x0000005e50000000,0x0000005e50100000] [id=10572]
  0x000002524a1be490 ConcurrentGCThread "G1 Refine#1" [stack: 0x0000005e51400000,0x0000005e51500000] [id=13412]
  0x000002523242dcb0 ConcurrentGCThread "G1 Service" [stack: 0x0000005e50100000,0x0000005e50200000] [id=16744]

Threads with active compile tasks:

VM state: synchronizing (normal execution)

VM Mutex/Monitor currently owned by a thread:  ([mutex/lock_event])
[0x000002523237a070] Metaspace_lock - owner thread: 0x0000025232380810
[0x000002523237cbb0] Threads_lock - owner thread: 0x00000252459760c0

Heap address: 0x0000000082800000, size: 2008 MB, Compressed Oops mode: 32-bit

CDS archive(s) mapped at: [0x0000000800000000-0x0000000800ba0000-0x0000000800ba0000), size 12189696, SharedBaseAddress: 0x0000000800000000, ArchiveRelocationMode: 0.
Compressed class space mapped at: 0x0000000800c00000-0x0000000840c00000, reserved size: 1073741824
Narrow klass base: 0x0000000800000000, Narrow klass shift: 0, Narrow klass range: 0x100000000

GC Precious Log:
 CardTable entry size: 512
 Card Set container configuration: InlinePtr #cards 5 size 8 Array Of Cards #cards 12 size 40 Howl #buckets 4 coarsen threshold 1843 Howl Bitmap #cards 512 size 80 coarsen threshold 460 Card regions per heap region 1 cards per card region 2048
 CPUs: 4 total, 4 available
 Memory: 8030M
 Large Page Support: Disabled
 NUMA Support: Disabled
 Compressed Oops: Enabled (32-bit)
 Heap Region Size: 1M
 Heap Min Capacity: 8M
 Heap Initial Capacity: 126M
 Heap Max Capacity: 2008M
 Pre-touch: Disabled
 Parallel Workers: 4
 Concurrent Workers: 1
 Concurrent Refinement Workers: 4
 Periodic GC: Disabled

Heap:
 garbage-first heap   total 58368K, used 29017K [0x0000000082800000, 0x0000000100000000)
  region size 1024K, 16 young (16384K), 3 survivors (3072K)
 Metaspace       used 29858K, committed 30144K, reserved 1114112K
  class space    used 4098K, committed 4224K, reserved 1048576K

Heap Regions: E=young(eden), S=young(survivor), O=old, HS=humongous(starts), HC=humongous(continues), CS=collection set, F=free, OA=open archive, CA=closed archive, TAMS=top-at-mark-start (previous, next)
|   0|0x0000000082800000, 0x0000000082900000, 0x0000000082900000|100%|HS|  |TAMS 0x0000000082900000, 0x0000000082800000| Complete 
|   1|0x0000000082900000, 0x0000000082a00000, 0x0000000082a00000|100%| O|  |TAMS 0x0000000082a00000, 0x0000000082900000| Untracked 
|   2|0x0000000082a00000, 0x0000000082b00000, 0x0000000082b00000|100%| O|  |TAMS 0x0000000082b00000, 0x0000000082a00000| Untracked 
|   3|0x0000000082b00000, 0x0000000082c00000, 0x0000000082c00000|100%| O|  |TAMS 0x0000000082c00000, 0x0000000082b00000| Untracked 
|   4|0x0000000082c00000, 0x0000000082d00000, 0x0000000082d00000|100%| O|  |TAMS 0x0000000082d00000, 0x0000000082c00000| Untracked 
|   5|0x0000000082d00000, 0x0000000082e00000, 0x0000000082e00000|100%| O|  |TAMS 0x0000000082e00000, 0x0000000082d00000| Untracked 
|   6|0x0000000082e00000, 0x0000000082f00000, 0x0000000082f00000|100%| O|  |TAMS 0x0000000082ed5a00, 0x0000000082e00000| Untracked 
|   7|0x0000000082f00000, 0x0000000083000000, 0x0000000083000000|100%| O|  |TAMS 0x0000000082f00000, 0x0000000082f00000| Untracked 
|   8|0x0000000083000000, 0x0000000083100000, 0x0000000083100000|100%| O|  |TAMS 0x0000000083000000, 0x0000000083000000| Untracked 
|   9|0x0000000083100000, 0x000000008311ae00, 0x0000000083200000| 10%| O|  |TAMS 0x0000000083100000, 0x0000000083100000| Untracked 
|  10|0x0000000083200000, 0x0000000083300000, 0x0000000083300000|100%| O|  |TAMS 0x0000000083200000, 0x0000000083200000| Untracked 
|  11|0x0000000083300000, 0x0000000083400000, 0x0000000083400000|100%| O|  |TAMS 0x0000000083300000, 0x0000000083300000| Untracked 
|  12|0x0000000083400000, 0x0000000083500000, 0x0000000083500000|100%| O|  |TAMS 0x0000000083400000, 0x0000000083400000| Untracked 
|  13|0x0000000083500000, 0x0000000083600000, 0x0000000083600000|100%| O|  |TAMS 0x0000000083500000, 0x0000000083500000| Untracked 
|  14|0x0000000083600000, 0x00000000836bae00, 0x0000000083700000| 72%| O|  |TAMS 0x0000000083600000, 0x0000000083600000| Untracked 
|  15|0x0000000083700000, 0x0000000083700000, 0x0000000083800000|  0%| F|  |TAMS 0x0000000083700000, 0x0000000083700000| Untracked 
|  16|0x0000000083800000, 0x0000000083800000, 0x0000000083900000|  0%| F|  |TAMS 0x0000000083800000, 0x0000000083800000| Untracked 
|  17|0x0000000083900000, 0x0000000083900000, 0x0000000083a00000|  0%| F|  |TAMS 0x0000000083900000, 0x0000000083900000| Untracked 
|  18|0x0000000083a00000, 0x0000000083a00000, 0x0000000083b00000|  0%| F|  |TAMS 0x0000000083a00000, 0x0000000083a00000| Untracked 
|  19|0x0000000083b00000, 0x0000000083b00000, 0x0000000083c00000|  0%| F|  |TAMS 0x0000000083b00000, 0x0000000083b00000| Untracked 
|  20|0x0000000083c00000, 0x0000000083c80810, 0x0000000083d00000| 50%| S|CS|TAMS 0x0000000083c00000, 0x0000000083c00000| Complete 
|  21|0x0000000083d00000, 0x0000000083e00000, 0x0000000083e00000|100%| S|CS|TAMS 0x0000000083d00000, 0x0000000083d00000| Complete 
|  22|0x0000000083e00000, 0x0000000083f00000, 0x0000000083f00000|100%| S|CS|TAMS 0x0000000083e00000, 0x0000000083e00000| Complete 
|  23|0x0000000083f00000, 0x0000000083f00000, 0x0000000084000000|  0%| F|  |TAMS 0x0000000083f00000, 0x0000000083f00000| Untracked 
|  24|0x0000000084000000, 0x0000000084000000, 0x0000000084100000|  0%| F|  |TAMS 0x0000000084000000, 0x0000000084000000| Untracked 
|  25|0x0000000084100000, 0x0000000084100000, 0x0000000084200000|  0%| F|  |TAMS 0x0000000084100000, 0x0000000084100000| Untracked 
|  26|0x0000000084200000, 0x0000000084200000, 0x0000000084300000|  0%| F|  |TAMS 0x0000000084200000, 0x0000000084200000| Untracked 
|  27|0x0000000084300000, 0x0000000084300000, 0x0000000084400000|  0%| F|  |TAMS 0x0000000084300000, 0x0000000084300000| Untracked 
|  28|0x0000000084400000, 0x0000000084400000, 0x0000000084500000|  0%| F|  |TAMS 0x0000000084400000, 0x0000000084400000| Untracked 
|  29|0x0000000084500000, 0x0000000084500000, 0x0000000084600000|  0%| F|  |TAMS 0x0000000084500000, 0x0000000084500000| Untracked 
|  30|0x0000000084600000, 0x0000000084600000, 0x0000000084700000|  0%| F|  |TAMS 0x0000000084600000, 0x0000000084600000| Untracked 
|  31|0x0000000084700000, 0x0000000084700000, 0x0000000084800000|  0%| F|  |TAMS 0x0000000084700000, 0x0000000084700000| Untracked 
|  32|0x0000000084800000, 0x0000000084800000, 0x0000000084900000|  0%| F|  |TAMS 0x0000000084800000, 0x0000000084800000| Untracked 
|  33|0x0000000084900000, 0x0000000084900000, 0x0000000084a00000|  0%| F|  |TAMS 0x0000000084900000, 0x0000000084900000| Untracked 
|  34|0x0000000084a00000, 0x0000000084a00000, 0x0000000084b00000|  0%| F|  |TAMS 0x0000000084a00000, 0x0000000084a00000| Untracked 
|  35|0x0000000084b00000, 0x0000000084b00000, 0x0000000084c00000|  0%| F|  |TAMS 0x0000000084b00000, 0x0000000084b00000| Untracked 
|  36|0x0000000084c00000, 0x0000000084c00000, 0x0000000084d00000|  0%| F|  |TAMS 0x0000000084c00000, 0x0000000084c00000| Untracked 
|  37|0x0000000084d00000, 0x0000000084d00000, 0x0000000084e00000|  0%| F|  |TAMS 0x0000000084d00000, 0x0000000084d00000| Untracked 
|  38|0x0000000084e00000, 0x0000000084e00000, 0x0000000084f00000|  0%| F|  |TAMS 0x0000000084e00000, 0x0000000084e00000| Untracked 
|  39|0x0000000084f00000, 0x0000000084f00000, 0x0000000085000000|  0%| F|  |TAMS 0x0000000084f00000, 0x0000000084f00000| Untracked 
|  40|0x0000000085000000, 0x0000000085000000, 0x0000000085100000|  0%| F|  |TAMS 0x0000000085000000, 0x0000000085000000| Untracked 
|  41|0x0000000085100000, 0x0000000085100000, 0x0000000085200000|  0%| F|  |TAMS 0x0000000085100000, 0x0000000085100000| Untracked 
|  42|0x0000000085200000, 0x0000000085200000, 0x0000000085300000|  0%| F|  |TAMS 0x0000000085200000, 0x0000000085200000| Untracked 
|  43|0x0000000085300000, 0x0000000085300000, 0x0000000085400000|  0%| F|  |TAMS 0x0000000085300000, 0x0000000085300000| Untracked 
|  44|0x0000000085400000, 0x0000000085500000, 0x0000000085500000|100%| E|  |TAMS 0x0000000085400000, 0x0000000085400000| Complete 
|  45|0x0000000085500000, 0x0000000085600000, 0x0000000085600000|100%| E|CS|TAMS 0x0000000085500000, 0x0000000085500000| Complete 
|  46|0x0000000085600000, 0x0000000085700000, 0x0000000085700000|100%| E|CS|TAMS 0x0000000085600000, 0x0000000085600000| Complete 
|  47|0x0000000085700000, 0x0000000085800000, 0x0000000085800000|100%| E|CS|TAMS 0x0000000085700000, 0x0000000085700000| Complete 
|  48|0x0000000085800000, 0x0000000085900000, 0x0000000085900000|100%| E|CS|TAMS 0x0000000085800000, 0x0000000085800000| Complete 
|  49|0x0000000085900000, 0x0000000085a00000, 0x0000000085a00000|100%| E|CS|TAMS 0x0000000085900000, 0x0000000085900000| Complete 
| 119|0x0000000089f00000, 0x000000008a000000, 0x000000008a000000|100%| E|CS|TAMS 0x0000000089f00000, 0x0000000089f00000| Complete 
| 120|0x000000008a000000, 0x000000008a100000, 0x000000008a100000|100%| E|CS|TAMS 0x000000008a000000, 0x000000008a000000| Complete 
| 121|0x000000008a100000, 0x000000008a200000, 0x000000008a200000|100%| E|CS|TAMS 0x000000008a100000, 0x000000008a100000| Complete 
| 122|0x000000008a200000, 0x000000008a300000, 0x000000008a300000|100%| E|CS|TAMS 0x000000008a200000, 0x000000008a200000| Complete 
| 123|0x000000008a300000, 0x000000008a400000, 0x000000008a400000|100%| E|CS|TAMS 0x000000008a300000, 0x000000008a300000| Complete 
| 124|0x000000008a400000, 0x000000008a500000, 0x000000008a500000|100%| E|CS|TAMS 0x000000008a400000, 0x000000008a400000| Complete 
| 125|0x000000008a500000, 0x000000008a600000, 0x000000008a600000|100%| E|CS|TAMS 0x000000008a500000, 0x000000008a500000| Complete 

Card table byte_map: [0x000002523ed10000,0x000002523f100000] _byte_map_base: 0x000002523e8fc000

Marking Bits (Prev, Next): (CMBitMap*) 0x00000252323debf0, (CMBitMap*) 0x00000252323debb0
 Prev Bits: [0x0000025241450000, 0x00000252433b0000)
 Next Bits: [0x000002523f4f0000, 0x0000025241450000)

Polling page: 0x0000025232150000

Metaspace:

Usage:
  Non-class:     25.16 MB used.
      Class:      4.00 MB used.
       Both:     29.16 MB used.

Virtual space:
  Non-class space:       64.00 MB reserved,      25.31 MB ( 40%) committed,  1 nodes.
      Class space:        1.00 GB reserved,       4.12 MB ( <1%) committed,  1 nodes.
             Both:        1.06 GB reserved,      29.44 MB (  3%) committed. 

Chunk freelists:
   Non-Class:  2.52 MB
       Class:  3.86 MB
        Both:  6.38 MB

MaxMetaspaceSize: unlimited
CompressedClassSpaceSize: 1.00 GB
Initial GC threshold: 21.00 MB
Current GC threshold: 35.12 MB
CDS: on
MetaspaceReclaimPolicy: balanced
 - commit_granule_bytes: 65536.
 - commit_granule_words: 8192.
 - virtual_space_node_default_size: 8388608.
 - enlarge_chunks_in_place: 1.
 - new_chunks_are_fully_committed: 0.
 - uncommit_free_chunks: 1.
 - use_allocation_guard: 0.


Internal statistics:

num_allocs_failed_limit: 3.
num_arena_births: 414.
num_arena_deaths: 0.
num_vsnodes_births: 2.
num_vsnodes_deaths: 0.
num_space_committed: 471.
num_space_uncommitted: 0.
num_chunks_returned_to_freelist: 3.
num_chunks_taken_from_freelist: 1390.
num_chunk_merges: 0.
num_chunk_splits: 998.
num_chunks_enlarged: 814.
num_inconsistent_stats: 0.

CodeCache: size=49152Kb used=6764Kb max_used=6764Kb free=42387Kb
 bounds [0x000002523b480000, 0x000002523bb20000, 0x000002523e480000]
 total_blobs=4032 nmethods=3528 adapters=431
 compilation: enabled
              stopped_count=0, restarted_count=0
 full_count=0

Compilation events (20 events):
Event: 40.378 Thread 0x0000025245998010 3519       1       java.lang.ModuleLayer::boot (4 bytes)
Event: 40.378 Thread 0x0000025245998010 nmethod 3519 0x000002523bb17c10 code [0x000002523bb17da0, 0x000002523bb17e58]
Event: 40.378 Thread 0x0000025245998010 3520  s!   1       java.lang.StackTraceElement::computeFormat (71 bytes)
Event: 40.378 Thread 0x0000025245998010 nmethod 3520 0x000002523bb17f10 code [0x000002523bb180c0, 0x000002523bb18458]
Event: 40.379 Thread 0x0000025245998010 3521       1       java.lang.StackTraceElement::isHashedInJavaBase (31 bytes)
Event: 40.379 Thread 0x0000025245998010 nmethod 3521 0x000002523bb18610 code [0x000002523bb187c0, 0x000002523bb18978]
Event: 40.379 Thread 0x0000025245998010 3522       1       java.lang.Module::getLayer (43 bytes)
Event: 40.379 Thread 0x0000025245998010 nmethod 3522 0x000002523bb18a90 code [0x000002523bb18c40, 0x000002523bb18de8]
Event: 40.380 Thread 0x0000025245998010 3523       1       java.lang.StackTraceElement::getClassName (5 bytes)
Event: 40.380 Thread 0x0000025245998010 nmethod 3523 0x000002523bb18e90 code [0x000002523bb19020, 0x000002523bb190f8]
Event: 40.390 Thread 0x0000025245998010 3524       1       java.util.Calendar::internalGet (7 bytes)
Event: 40.390 Thread 0x0000025245998010 nmethod 3524 0x000002523bb19190 code [0x000002523bb19320, 0x000002523bb19418]
Event: 40.390 Thread 0x0000025245998010 3525       1       java.util.concurrent.locks.AbstractQueuedSynchronizer::signalNext (34 bytes)
Event: 40.391 Thread 0x0000025245998010 nmethod 3525 0x000002523bb19510 code [0x000002523bb196a0, 0x000002523bb197e8]
Event: 40.392 Thread 0x0000025245998010 3526       1       java.lang.StackTraceElement::equals (120 bytes)
Event: 40.393 Thread 0x0000025245998010 nmethod 3526 0x000002523bb19910 code [0x000002523bb19b00, 0x000002523bb19f58]
Event: 40.624 Thread 0x0000025245998010 3527       1       java.lang.Character::isDigit (9 bytes)
Event: 40.624 Thread 0x0000025245998010 nmethod 3527 0x000002523bb1a190 code [0x000002523bb1a340, 0x000002523bb1a438]
Event: 40.624 Thread 0x0000025245998010 3528       1       java.lang.CharacterDataLatin1::isDigit (18 bytes)
Event: 40.625 Thread 0x0000025245998010 nmethod 3528 0x000002523bb1a510 code [0x000002523bb1a6a0, 0x000002523bb1a798]

GC Heap History (12 events):
Event: 4.984 GC heap before
{Heap before GC invocations=0 (full 0):
 garbage-first heap   total 129024K, used 14336K [0x0000000082800000, 0x0000000100000000)
  region size 1024K, 13 young (13312K), 0 survivors (0K)
 Metaspace       used 5457K, committed 5632K, reserved 1114112K
  class space    used 619K, committed 704K, reserved 1048576K
}
Event: 4.994 GC heap after
{Heap after GC invocations=1 (full 0):
 garbage-first heap   total 129024K, used 6978K [0x0000000082800000, 0x0000000100000000)
  region size 1024K, 2 young (2048K), 2 survivors (2048K)
 Metaspace       used 5457K, committed 5632K, reserved 1114112K
  class space    used 619K, committed 704K, reserved 1048576K
}
Event: 8.104 GC heap before
{Heap before GC invocations=1 (full 0):
 garbage-first heap   total 129024K, used 15170K [0x0000000082800000, 0x0000000100000000)
  region size 1024K, 10 young (10240K), 2 survivors (2048K)
 Metaspace       used 7448K, committed 7680K, reserved 1114112K
  class space    used 887K, committed 1024K, reserved 1048576K
}
Event: 8.113 GC heap after
{Heap after GC invocations=2 (full 0):
 garbage-first heap   total 129024K, used 8083K [0x0000000082800000, 0x0000000100000000)
  region size 1024K, 2 young (2048K), 2 survivors (2048K)
 Metaspace       used 7448K, committed 7680K, reserved 1114112K
  class space    used 887K, committed 1024K, reserved 1048576K
}
Event: 13.578 GC heap before
{Heap before GC invocations=2 (full 0):
 garbage-first heap   total 129024K, used 26515K [0x0000000082800000, 0x0000000100000000)
  region size 1024K, 21 young (21504K), 2 survivors (2048K)
 Metaspace       used 11982K, committed 12224K, reserved 1114112K
  class space    used 1533K, committed 1664K, reserved 1048576K
}
Event: 13.585 GC heap after
{Heap after GC invocations=3 (full 0):
 garbage-first heap   total 129024K, used 9501K [0x0000000082800000, 0x0000000100000000)
  region size 1024K, 3 young (3072K), 3 survivors (3072K)
 Metaspace       used 11982K, committed 12224K, reserved 1114112K
  class space    used 1533K, committed 1664K, reserved 1048576K
}
Event: 35.487 GC heap before
{Heap before GC invocations=3 (full 0):
 garbage-first heap   total 129024K, used 71965K [0x0000000082800000, 0x0000000100000000)
  region size 1024K, 65 young (66560K), 3 survivors (3072K)
 Metaspace       used 21095K, committed 21440K, reserved 1114112K
  class space    used 2857K, committed 3008K, reserved 1048576K
}
Event: 35.505 GC heap after
{Heap after GC invocations=4 (full 0):
 garbage-first heap   total 129024K, used 14439K [0x0000000082800000, 0x0000000100000000)
  region size 1024K, 8 young (8192K), 8 survivors (8192K)
 Metaspace       used 21095K, committed 21440K, reserved 1114112K
  class space    used 2857K, committed 3008K, reserved 1048576K
}
Event: 35.545 GC heap before
{Heap before GC invocations=4 (full 0):
 garbage-first heap   total 129024K, used 14439K [0x0000000082800000, 0x0000000100000000)
  region size 1024K, 9 young (9216K), 8 survivors (8192K)
 Metaspace       used 21237K, committed 21504K, reserved 1114112K
  class space    used 2873K, committed 3008K, reserved 1048576K
}
Event: 35.563 GC heap after
{Heap after GC invocations=5 (full 0):
 garbage-first heap   total 129024K, used 14835K [0x0000000082800000, 0x0000000100000000)
  region size 1024K, 6 young (6144K), 6 survivors (6144K)
 Metaspace       used 21237K, committed 21504K, reserved 1114112K
  class space    used 2873K, committed 3008K, reserved 1048576K
}
Event: 38.214 GC heap before
{Heap before GC invocations=6 (full 0):
 garbage-first heap   total 58368K, used 43507K [0x0000000082800000, 0x0000000100000000)
  region size 1024K, 34 young (34816K), 6 survivors (6144K)
 Metaspace       used 26538K, committed 26944K, reserved 1114112K
  class space    used 3521K, committed 3712K, reserved 1048576K
}
Event: 38.232 GC heap after
{Heap after GC invocations=7 (full 0):
 garbage-first heap   total 58368K, used 16729K [0x0000000082800000, 0x0000000100000000)
  region size 1024K, 3 young (3072K), 3 survivors (3072K)
 Metaspace       used 26538K, committed 26944K, reserved 1114112K
  class space    used 3521K, committed 3712K, reserved 1048576K
}

Deoptimization events (10 events):
Event: 13.461 Thread 0x0000025232380810 DEOPT PACKING pc=0x000002523b83bb19 sp=0x0000005e4fcfd340
Event: 13.461 Thread 0x0000025232380810 DEOPT UNPACKING pc=0x000002523b4d2b43 sp=0x0000005e4fcfc820 mode 3
Event: 17.140 Thread 0x0000025232380810 DEOPT PACKING pc=0x000002523b87c8a4 sp=0x0000005e4fcfd830
Event: 17.140 Thread 0x0000025232380810 DEOPT UNPACKING pc=0x000002523b4d2b43 sp=0x0000005e4fcfcd88 mode 0
Event: 36.762 Thread 0x0000025232380810 DEOPT PACKING pc=0x000002523ba9e75d sp=0x0000005e4fcfc730
Event: 36.762 Thread 0x0000025232380810 DEOPT UNPACKING pc=0x000002523b4d2b43 sp=0x0000005e4fcfbc98 mode 3
Event: 36.860 Thread 0x0000025249c21a50 DEOPT PACKING pc=0x000002523b6a3817 sp=0x0000005e515fede0
Event: 36.860 Thread 0x0000025249c21a50 DEOPT UNPACKING pc=0x000002523b4d2b43 sp=0x0000005e515fe238 mode 3
Event: 36.861 Thread 0x000002524af79580 DEOPT PACKING pc=0x000002523b88b681 sp=0x0000005e516fead0
Event: 36.861 Thread 0x000002524af79580 DEOPT UNPACKING pc=0x000002523b4d2b43 sp=0x0000005e516fdf60 mode 3

Classes loaded (20 events):
Event: 39.346 Loading class java/net/SocketTimeoutException
Event: 39.347 Loading class java/io/InterruptedIOException
Event: 39.348 Loading class java/io/InterruptedIOException done
Event: 39.348 Loading class java/net/SocketTimeoutException done
Event: 39.349 Loading class java/net/ConnectException
Event: 39.349 Loading class java/net/ConnectException done
Event: 39.352 Loading class java/util/concurrent/atomic/AtomicReferenceFieldUpdater
Event: 39.353 Loading class java/util/concurrent/atomic/AtomicReferenceFieldUpdater done
Event: 39.353 Loading class java/util/concurrent/atomic/AtomicReferenceFieldUpdater$AtomicReferenceFieldUpdaterImpl
Event: 39.353 Loading class java/util/concurrent/atomic/AtomicReferenceFieldUpdater$AtomicReferenceFieldUpdaterImpl done
Event: 39.353 Loading class java/util/concurrent/atomic/AtomicReferenceFieldUpdater$AtomicReferenceFieldUpdaterImpl$1
Event: 39.353 Loading class java/util/concurrent/atomic/AtomicReferenceFieldUpdater$AtomicReferenceFieldUpdaterImpl$1 done
Event: 39.357 Loading class java/util/MissingResourceException
Event: 39.358 Loading class java/util/MissingResourceException done
Event: 40.377 Loading class sun/reflect/Reflection
Event: 40.377 Loading class sun/reflect/Reflection done
Event: 40.380 Loading class jdk/internal/loader/BootLoader$PackageHelper
Event: 40.385 Loading class jdk/internal/loader/BootLoader$PackageHelper done
Event: 40.386 Loading class java/security/AllPermissionCollection
Event: 40.389 Loading class java/security/AllPermissionCollection done

Classes unloaded (0 events):
No events

Classes redefined (0 events):
No events

Internal exceptions (20 events):
Event: 33.778 Thread 0x0000025232380810 Exception <a 'java/lang/NoSuchMethodError'{0x0000000086cd5870}: 'java.lang.Object java.lang.invoke.DirectMethodHandle$Holder.invokeVirtual(java.lang.Object, java.lang.Object, java.lang.Object, java.lang.Object, java.lang.Object)'> (0x0000000086cd5870) 
thrown [s\open\src\hotspot\share\interpreter\linkResolver.cpp, line 759]
Event: 34.509 Thread 0x0000025232380810 Exception <a 'java/lang/NoSuchMethodError'{0x0000000086bbb590}: 'int java.lang.invoke.DirectMethodHandle$Holder.invokeSpecial(java.lang.Object, java.lang.Object, java.lang.Object, java.lang.Object, java.lang.Object)'> (0x0000000086bbb590) 
thrown [s\open\src\hotspot\share\interpreter\linkResolver.cpp, line 759]
Event: 35.044 Thread 0x0000025232380810 Exception <a 'java/lang/NoSuchMethodError'{0x0000000086984e00}: 'java.lang.reflect.Method[] java.lang.Class.getDeclaredMethods(java.lang.Class)'> (0x0000000086984e00) 
thrown [s\open\src\hotspot\share\interpreter\linkResolver.cpp, line 759]
Event: 35.046 Thread 0x0000025232380810 Exception <a 'java/lang/NoSuchMethodError'{0x0000000086989a00}: 'java.lang.Object java.lang.invoke.DirectMethodHandle$Holder.invokeStatic(java.lang.Object, java.lang.Object, int)'> (0x0000000086989a00) 
thrown [s\open\src\hotspot\share\interpreter\linkResolver.cpp, line 759]
Event: 35.052 Thread 0x0000025232380810 Exception <a 'java/lang/NoSuchMethodError'{0x0000000086995348}: 'void java.lang.invoke.DelegatingMethodHandle$Holder.delegate(java.lang.Object, java.lang.Object, int, java.lang.Object)'> (0x0000000086995348) 
thrown [s\open\src\hotspot\share\interpreter\linkResolver.cpp, line 759]
Event: 35.077 Thread 0x0000025232380810 Exception <a 'java/lang/NoSuchMethodError'{0x00000000869b4078}: 'java.lang.reflect.Field[] java.lang.Class.getDeclaredFields(java.lang.Class)'> (0x00000000869b4078) 
thrown [s\open\src\hotspot\share\interpreter\linkResolver.cpp, line 759]
Event: 35.240 Thread 0x0000025232380810 Exception <a 'java/lang/NoSuchMethodError'{0x000000008688e720}: 'void java.lang.invoke.DirectMethodHandle$Holder.invokeInterface(java.lang.Object, java.lang.Object, int)'> (0x000000008688e720) 
thrown [s\open\src\hotspot\share\interpreter\linkResolver.cpp, line 759]
Event: 35.259 Thread 0x0000025232380810 Exception <a 'java/lang/NoSuchMethodError'{0x00000000868a8898}: 'int java.lang.invoke.DirectMethodHandle$Holder.invokeVirtual(java.lang.Object, java.lang.Object)'> (0x00000000868a8898) 
thrown [s\open\src\hotspot\share\interpreter\linkResolver.cpp, line 759]
Event: 35.280 Thread 0x0000025232380810 Exception <a 'java/lang/IncompatibleClassChangeError'{0x00000000868e1f30}: Found class java.lang.Object, but interface was expected> (0x00000000868e1f30) 
thrown [s\open\src\hotspot\share\interpreter\linkResolver.cpp, line 826]
Event: 35.282 Thread 0x0000025232380810 Exception <a 'java/lang/NoSuchMethodError'{0x00000000868e7028}: 'void java.lang.invoke.DirectMethodHandle$Holder.invokeStatic(java.lang.Object, int, java.lang.Object)'> (0x00000000868e7028) 
thrown [s\open\src\hotspot\share\interpreter\linkResolver.cpp, line 759]
Event: 35.308 Thread 0x0000025232380810 Exception <a 'java/lang/NoSuchMethodError'{0x0000000086716188}: 'int java.lang.invoke.DirectMethodHandle$Holder.invokeSpecial(java.lang.Object, java.lang.Object, int)'> (0x0000000086716188) 
thrown [s\open\src\hotspot\share\interpreter\linkResolver.cpp, line 759]
Event: 35.767 Thread 0x0000025232380810 Exception <a 'java/lang/NoSuchMethodError'{0x0000000085895c40}: 'int java.lang.invoke.DirectMethodHandle$Holder.invokeVirtual(java.lang.Object, java.lang.Object, java.lang.Object, java.lang.Object)'> (0x0000000085895c40) 
thrown [s\open\src\hotspot\share\interpreter\linkResolver.cpp, line 759]
Event: 35.768 Thread 0x0000025232380810 Exception <a 'java/lang/NoSuchMethodError'{0x0000000085899758}: 'int java.lang.invoke.DelegatingMethodHandle$Holder.reinvoke_L(java.lang.Object, java.lang.Object, java.lang.Object, java.lang.Object)'> (0x0000000085899758) 
thrown [s\open\src\hotspot\share\interpreter\linkResolver.cpp, line 759]
Event: 36.510 Thread 0x0000025232380810 Exception <a 'java/io/FileNotFoundException'{0x00000000851b9ec8}> (0x00000000851b9ec8) 
thrown [s\open\src\hotspot\share\prims\jni.cpp, line 516]
Event: 36.620 Thread 0x0000025232380810 Exception <a 'java/lang/NoSuchMethodError'{0x0000000084f36180}: 'int java.lang.invoke.DirectMethodHandle$Holder.invokeInterface(java.lang.Object, java.lang.Object, java.lang.Object, java.lang.Object)'> (0x0000000084f36180) 
thrown [s\open\src\hotspot\share\interpreter\linkResolver.cpp, line 759]
Event: 36.786 Thread 0x0000025232380810 Exception <a 'java/io/FileNotFoundException'{0x0000000084ef2970}> (0x0000000084ef2970) 
thrown [s\open\src\hotspot\share\prims\jni.cpp, line 516]
Event: 36.978 Thread 0x0000025232380810 Exception <a 'java/lang/NoSuchMethodError'{0x00000000849f2f40}: 'java.lang.Object java.lang.invoke.DirectMethodHandle$Holder.newInvokeSpecial(java.lang.Object, java.lang.Object, java.lang.Object, java.lang.Object, java.lang.Object, java.lang.Object, java.lang.Object, java.lang.Object, java.lang.Object, java.lang.Object, java.lang.Object)'> (0x00000000849f2f40) 
thrown [s\open\src\hotspot\share\interpreter\linkResolver.cpp, line 759]
Event: 36.979 Thread 0x0000025232380810 Exception <a 'java/lang/NoSuchMethodError'{0x00000000849f8168}: 'java.lang.Object java.lang.invoke.DirectMethodHandle$Holder.invokeSpecial(java.lang.Object, java.lang.Object, java.lang.Object, java.lang.Object, java.lang.Object, java.lang.Object, java.lang.Object, java.lang.Object, java.lang.Object, java.lang.Object, java.lang.Object, java.lang.Object)'> (0x00000000849f8168) 
thrown [s\open\src\hotspot\share\interpreter\linkResolver.cpp, line 759]
Event: 39.346 Thread 0x0000025232380810 Exception <a 'sun/net/ConnectionResetException'{0x0000000085520cc8}: Connection reset> (0x0000000085520cc8) 
thrown [s\open\src\hotspot\share\prims\jni.cpp, line 535]
Event: 40.377 Thread 0x0000025232380810 Exception <a 'java/lang/NoClassDefFoundError'{0x000000008555bdf8}: sun/reflect/Reflection> (0x000000008555bdf8) 
thrown [s\open\src\hotspot\share\classfile\systemDictionary.cpp, line 244]

VM Operations (20 events):
Event: 36.230 Executing VM operation: HandshakeAllThreads
Event: 36.230 Executing VM operation: HandshakeAllThreads done
Event: 36.282 Executing VM operation: HandshakeAllThreads
Event: 36.282 Executing VM operation: HandshakeAllThreads done
Event: 36.678 Executing VM operation: HandshakeAllThreads
Event: 36.678 Executing VM operation: HandshakeAllThreads done
Event: 36.678 Executing VM operation: Cleanup
Event: 36.679 Executing VM operation: Cleanup done
Event: 36.679 Executing VM operation: HandshakeAllThreads
Event: 36.679 Executing VM operation: HandshakeAllThreads done
Event: 36.797 Executing VM operation: HandshakeAllThreads
Event: 36.797 Executing VM operation: HandshakeAllThreads done
Event: 36.964 Executing VM operation: HandshakeAllThreads
Event: 36.964 Executing VM operation: HandshakeAllThreads done
Event: 37.655 Executing VM operation: HandshakeAllThreads
Event: 37.655 Executing VM operation: HandshakeAllThreads done
Event: 38.214 Executing VM operation: G1CollectForAllocation
Event: 38.232 Executing VM operation: G1CollectForAllocation done
Event: 39.240 Executing VM operation: Cleanup
Event: 39.257 Executing VM operation: Cleanup done

Events (20 events):
Event: 2.544 Thread 0x0000025249f8f140 Thread added: 0x0000025249f8f140
Event: 2.545 Thread 0x0000025249f8f600 Thread added: 0x0000025249f8f600
Event: 2.584 Loaded shared library C:\Program Files\Java\jdk-18.0.2\bin\jimage.dll
Event: 3.081 Loaded shared library C:\Program Files\Java\jdk-18.0.2\bin\management.dll
Event: 3.164 Loaded shared library C:\Program Files\Java\jdk-18.0.2\bin\management_ext.dll
Event: 4.392 Thread 0x000002524a110430 Thread added: 0x000002524a110430
Event: 4.585 Thread 0x000002524a134290 Thread added: 0x000002524a134290
Event: 9.701 Thread 0x000002524a110430 Thread exited: 0x000002524a110430
Event: 12.210 Thread 0x000002524a570100 Thread added: 0x000002524a570100
Event: 13.955 Thread 0x000002524a570100 Thread exited: 0x000002524a570100
Event: 14.261 Thread 0x000002524a41fd60 Thread added: 0x000002524a41fd60
Event: 14.380 Thread 0x000002524a41fd60 Thread exited: 0x000002524a41fd60
Event: 15.380 Thread 0x000002524a74e4e0 Thread added: 0x000002524a74e4e0
Event: 17.145 Thread 0x000002524a74e4e0 Thread exited: 0x000002524a74e4e0
Event: 25.050 Thread 0x000002524a657040 Thread added: 0x000002524a657040
Event: 26.434 Thread 0x000002524a657040 Thread exited: 0x000002524a657040
Event: 36.389 Loaded shared library C:\Program Files\Java\jdk-18.0.2\bin\sunmscapi.dll
Event: 36.806 Thread 0x0000025249c21a50 Thread added: 0x0000025249c21a50
Event: 36.809 Thread 0x000002524af79580 Thread added: 0x000002524af79580
Event: 36.825 Thread 0x000002524af79a40 Thread added: 0x000002524af79a40


Dynamic libraries:
0x00007ff6fa2f0000 - 0x00007ff6fa300000 	C:\Program Files\Java\jdk-18.0.2\bin\java.exe
0x00007fff7c750000 - 0x00007fff7c948000 	C:\Windows\SYSTEM32\ntdll.dll
0x00007fff7b910000 - 0x00007fff7b9cd000 	C:\Windows\System32\KERNEL32.DLL
0x00007fff79ec0000 - 0x00007fff7a193000 	C:\Windows\System32\KERNELBASE.dll
0x00007fff7a260000 - 0x00007fff7a360000 	C:\Windows\System32\ucrtbase.dll
0x00007fff72a80000 - 0x00007fff72a98000 	C:\Program Files\Java\jdk-18.0.2\bin\jli.dll
0x00007fff7b9d0000 - 0x00007fff7ba7e000 	C:\Windows\System32\ADVAPI32.dll
0x00007fff61b40000 - 0x00007fff61b5a000 	C:\Program Files\Java\jdk-18.0.2\bin\VCRUNTIME140.dll
0x00007fff7acb0000 - 0x00007fff7ad4e000 	C:\Windows\System32\msvcrt.dll
0x00007fff7c440000 - 0x00007fff7c4dc000 	C:\Windows\System32\sechost.dll
0x00007fff7aad0000 - 0x00007fff7abf5000 	C:\Windows\System32\RPCRT4.dll
0x00007fff64da0000 - 0x00007fff6503a000 	C:\Windows\WinSxS\amd64_microsoft.windows.common-controls_6595b64144ccf1df_6.0.19041.1110_none_60b5254171f9507e\COMCTL32.dll
0x00007fff7c1a0000 - 0x00007fff7c33e000 	C:\Windows\System32\USER32.dll
0x00007fff7c0a0000 - 0x00007fff7c0cc000 	C:\Windows\System32\GDI32.dll
0x00007fff7a3e0000 - 0x00007fff7a4f4000 	C:\Windows\System32\gdi32full.dll
0x00007fff7a5b0000 - 0x00007fff7a64d000 	C:\Windows\System32\msvcp_win.dll
0x00007fff7a1a0000 - 0x00007fff7a1c2000 	C:\Windows\System32\win32u.dll
0x00007fff6f530000 - 0x00007fff6f53a000 	C:\Windows\SYSTEM32\VERSION.dll
0x00007fff7c4e0000 - 0x00007fff7c510000 	C:\Windows\System32\IMM32.DLL
0x00007fff75470000 - 0x00007fff7547c000 	C:\Program Files\Java\jdk-18.0.2\bin\vcruntime140_1.dll
0x00007fff457c0000 - 0x00007fff4584d000 	C:\Program Files\Java\jdk-18.0.2\bin\msvcp140.dll
0x00007fff1d620000 - 0x00007fff1e231000 	C:\Program Files\Java\jdk-18.0.2\bin\server\jvm.dll
0x00007fff7c3d0000 - 0x00007fff7c3d8000 	C:\Windows\System32\PSAPI.DLL
0x00007fff78550000 - 0x00007fff78559000 	C:\Windows\SYSTEM32\WSOCK32.dll
0x00007fff7b8a0000 - 0x00007fff7b90b000 	C:\Windows\System32\WS2_32.dll
0x00007fff6d360000 - 0x00007fff6d387000 	C:\Windows\SYSTEM32\WINMM.dll
0x00007fff786b0000 - 0x00007fff786c2000 	C:\Windows\SYSTEM32\kernel.appcore.dll
0x00007fff73ea0000 - 0x00007fff73eaa000 	C:\Program Files\Java\jdk-18.0.2\bin\jimage.dll
0x00007fff77b90000 - 0x00007fff77d74000 	C:\Windows\SYSTEM32\DBGHELP.DLL
0x00007fff6e320000 - 0x00007fff6e34c000 	C:\Windows\SYSTEM32\dbgcore.DLL
0x00007fff7a1d0000 - 0x00007fff7a252000 	C:\Windows\System32\bcryptPrimitives.dll
0x00007fff734e0000 - 0x00007fff734ee000 	C:\Program Files\Java\jdk-18.0.2\bin\instrument.dll
0x00007fff507f0000 - 0x00007fff50815000 	C:\Program Files\Java\jdk-18.0.2\bin\java.dll
0x00007fff2b120000 - 0x00007fff2b1f6000 	C:\Program Files\Java\jdk-18.0.2\bin\jsvml.dll
0x00007fff7ad60000 - 0x00007fff7b4a3000 	C:\Windows\System32\SHELL32.dll
0x00007fff77d80000 - 0x00007fff78514000 	C:\Windows\SYSTEM32\windows.storage.dll
0x00007fff7b4b0000 - 0x00007fff7b804000 	C:\Windows\System32\combase.dll
0x00007fff796f0000 - 0x00007fff79720000 	C:\Windows\SYSTEM32\Wldp.dll
0x00007fff7a8e0000 - 0x00007fff7a98d000 	C:\Windows\System32\SHCORE.dll
0x00007fff7c3e0000 - 0x00007fff7c435000 	C:\Windows\System32\shlwapi.dll
0x00007fff79d90000 - 0x00007fff79daf000 	C:\Windows\SYSTEM32\profapi.dll
0x00007fff507b0000 - 0x00007fff507c8000 	C:\Program Files\Java\jdk-18.0.2\bin\zip.dll
0x00007fff51350000 - 0x00007fff51363000 	C:\Program Files\Java\jdk-18.0.2\bin\net.dll
0x00007fff73110000 - 0x00007fff7321d000 	C:\Windows\SYSTEM32\WINHTTP.dll
0x00007fff794d0000 - 0x00007fff7953a000 	C:\Windows\system32\mswsock.dll
0x00007fff507d0000 - 0x00007fff507e6000 	C:\Program Files\Java\jdk-18.0.2\bin\nio.dll
0x00007fff48470000 - 0x00007fff4848a000 	E:\IntelliJ IDEA\IntelliJ IDEA 2021.3\bin\breakgen64.dll
0x00007fff79220000 - 0x00007fff792ea000 	C:\Windows\SYSTEM32\DNSAPI.dll
0x00007fff791e0000 - 0x00007fff7921b000 	C:\Windows\SYSTEM32\IPHLPAPI.DLL
0x00007fff7ad50000 - 0x00007fff7ad58000 	C:\Windows\System32\NSI.dll
0x00007fff721f0000 - 0x00007fff721fa000 	C:\Windows\System32\rasadhlp.dll
0x00007fff70f50000 - 0x00007fff70fd0000 	C:\Windows\System32\fwpuclnt.dll
0x00007fff7a3b0000 - 0x00007fff7a3d7000 	C:\Windows\System32\bcrypt.dll
0x00007fff73440000 - 0x00007fff73449000 	C:\Program Files\Java\jdk-18.0.2\bin\management.dll
0x00007fff73420000 - 0x00007fff7342b000 	C:\Program Files\Java\jdk-18.0.2\bin\management_ext.dll
0x00007fff79730000 - 0x00007fff79748000 	C:\Windows\SYSTEM32\CRYPTSP.dll
0x00007fff78e10000 - 0x00007fff78e44000 	C:\Windows\system32\rsaenh.dll
0x00007fff79d10000 - 0x00007fff79d3e000 	C:\Windows\SYSTEM32\USERENV.dll
0x00007fff79660000 - 0x00007fff7966c000 	C:\Windows\SYSTEM32\CRYPTBASE.dll
0x00007fff722d0000 - 0x00007fff722e7000 	C:\Windows\SYSTEM32\dhcpcsvc6.DLL
0x00007fff721d0000 - 0x00007fff721ed000 	C:\Windows\SYSTEM32\dhcpcsvc.DLL
0x00007fff47050000 - 0x00007fff47067000 	C:\Windows\system32\napinsp.dll
0x00007fff47030000 - 0x00007fff4704b000 	C:\Windows\system32\pnrpnsp.dll
0x00007fff74090000 - 0x00007fff740a5000 	C:\Windows\system32\wshbth.dll
0x00007fff72eb0000 - 0x00007fff72ecd000 	C:\Windows\system32\NLAapi.dll
0x00007fff47170000 - 0x00007fff47182000 	C:\Windows\System32\winrnr.dll
0x00007fff72c40000 - 0x00007fff72c4e000 	C:\Program Files\Java\jdk-18.0.2\bin\sunmscapi.dll
0x00007fff7a650000 - 0x00007fff7a7a6000 	C:\Windows\System32\CRYPT32.dll
0x00007fff79840000 - 0x00007fff79867000 	C:\Windows\SYSTEM32\ncrypt.dll
0x00007fff79800000 - 0x00007fff7983b000 	C:\Windows\SYSTEM32\NTASN1.dll

dbghelp: loaded successfully - version: 4.0.5 - missing functions: none
symbol engine: initialized successfully - sym options: 0x614 - pdb path: .;C:\Program Files\Java\jdk-18.0.2\bin;C:\Windows\SYSTEM32;C:\Windows\WinSxS\amd64_microsoft.windows.common-controls_6595b64144ccf1df_6.0.19041.1110_none_60b5254171f9507e;C:\Program Files\Java\jdk-18.0.2\bin\server;E:\IntelliJ IDEA\IntelliJ IDEA 2021.3\bin

VM Arguments:
jvm_args: -XX:TieredStopAtLevel=1 -Xverify:none -Dspring.output.ansi.enabled=always -javaagent:E:\IntelliJ IDEA\IntelliJ IDEA 2021.3\lib\idea_rt.jar=54018:E:\IntelliJ IDEA\IntelliJ IDEA 2021.3\bin -Dcom.sun.management.jmxremote -Dspring.jmx.enabled=true -Dspring.liveBeansView.mbeanDomain -Dspring.application.admin.enabled=true -Dfile.encoding=UTF-8 
java_command: com.asw.dats.DatsApplication
java_class_path (initial): C:\Users\aswin\IdeaProjects\dats\target\classes;C:\Users\aswin\.m2\repository\org\springframework\boot\spring-boot-starter-thymeleaf\2.7.2\spring-boot-starter-thymeleaf-2.7.2.jar;C:\Users\aswin\.m2\repository\org\springframework\boot\spring-boot-starter\2.7.2\spring-boot-starter-2.7.2.jar;C:\Users\aswin\.m2\repository\org\springframework\boot\spring-boot\2.7.2\spring-boot-2.7.2.jar;C:\Users\aswin\.m2\repository\org\springframework\boot\spring-boot-autoconfigure\2.7.2\spring-boot-autoconfigure-2.7.2.jar;C:\Users\aswin\.m2\repository\org\springframework\boot\spring-boot-starter-logging\2.7.2\spring-boot-starter-logging-2.7.2.jar;C:\Users\aswin\.m2\repository\ch\qos\logback\logback-classic\1.2.11\logback-classic-1.2.11.jar;C:\Users\aswin\.m2\repository\ch\qos\logback\logback-core\1.2.11\logback-core-1.2.11.jar;C:\Users\aswin\.m2\repository\org\apache\logging\log4j\log4j-to-slf4j\2.17.2\log4j-to-slf4j-2.17.2.jar;C:\Users\aswin\.m2\repository\org\apache\logging\log4j\log4j-api\2.17.2\log4j-api-2.17.2.jar;C:\Users\aswin\.m2\repository\org\slf4j\jul-to-slf4j\1.7.36\jul-to-slf4j-1.7.36.jar;C:\Users\aswin\.m2\repository\jakarta\annotation\jakarta.annotation-api\1.3.5\jakarta.annotation-api-1.3.5.jar;C:\Users\aswin\.m2\repository\org\yaml\snakeyaml\1.30\snakeyaml-1.30.jar;C:\Users\aswin\.m2\repository\org\thymeleaf\thymeleaf-spring5\3.0.15.RELEASE\thymeleaf-spring5-3.0.15.RELEASE.jar;C:\Users\aswin\.m2\repository\org\thymeleaf\thymeleaf\3.0.15.RELEASE\thymeleaf-3.0.15.RELEASE.jar;C:\Users\aswin\.m2\repository\org\attoparser\attoparser\2.0.5.RELEASE\attoparser-2.0.5.RELEASE.jar;C:\Users\aswin\.m2\repository\org\unbescape\unbescape\1.1.6.RELEASE\unbescape-1.1.6.RELEASE.jar;C:\Users\aswin\.m2\repository\org\slf4j\slf4j-api\1.7.36\slf4j-api-1.7.36.jar;C:\Users\aswin\.m2\repository\org\thymeleaf\extras\thymeleaf-extras-java8time\3.0.4.RELEASE\thymeleaf-extras-java8time-3.0.4.RELEASE.jar;C:\Users\aswin\.m2\repository\org\springframework\boot\spring-boot-starter-web\2.7.2\spring-boot-starter-web-2.7.2.jar;C:\Users\aswin\.m2\repository\org\springframework\boot\spring-boot-starter-json\2.7.2\spring-boot-starter-json-2.7.2.jar;C:\Users\aswin\.m2\repository\com\fasterxml\jackson\core\jackson-databind\2.13.3\jackson-databind-2.13.3.jar;C:\Users\aswin\.m2\repository\com\fasterxml\jackson\core\jackson-annotations\2.13.3\jackson-annotations-2.13.3.jar;C:\Users\aswin\.m2\repository\com\fasterxml\jackson\core\jackson-core\2.13.3\jackson-core-2.13.3.jar;C:\Users\aswin\.m2\repository\com\fasterxml\jackson\datatype\jackson-datatype-jdk8\2.13.3\jackson-datatype-jdk8-2.13.3.jar;C:\Users\aswin\.m2\repository\com\fasterxml\jackson\datatype\jackson-datatype-jsr310\2.13.3\jackson-datatype-jsr310-2.13.3.jar;C:\Users\aswin\.m2\repository\com\fasterxml\jackson\module\jackson-module-parameter-names\2.13.3\jackson-module-parameter-names-2.13.3.jar;C:\Users\aswin\.m2\repository\org\springframework\boot\spring-boot-starter-tomcat\2.7.2\spring-boot-starter-tomcat-2.7.2.jar;C:\Users\aswin\.m2\repository\org\apache\tomcat\embed\tomcat-embed-core\9.0.65\tomcat-embed-core-9.0.65.jar;C:\Users\aswin\.m2\repository\org\apache\tomcat\embed\tomcat-embed-el\9.0.65\tomcat-embed-el-9.0.65.jar;C:\Users\aswin\.m2\repository\org\apache\tomcat\embed\tomcat-embed-websocket\9.0.65\tomcat-embed-websocket-9.0.65.jar;C:\Users\aswin\.m2\repository\org\springframework\spring-web\5.3.22\spring-web-5.3.22.jar;C:\Users\aswin\.m2\repository\org\springframework\spring-beans\5.3.22\spring-beans-5.3.22.jar;C:\Users\aswin\.m2\repository\org\springframework\spring-webmvc\5.3.22\spring-webmvc-5.3.22.jar;C:\Users\aswin\.m2\repository\org\springframework\spring-aop\5.3.22\spring-aop-5.3.22.jar;C:\Users\aswin\.m2\repository\org\springframework\spring-context\5.3.22\spring-context-5.3.22.jar;C:\Users\aswin\.m2\repository\org\springframework\spring-expression\5.3.22\spring-expression-5.3.22.jar;C:\Users\aswin\.m2\repository\org\postgresql\postgresql\42.3.6\postgresql-42.3.6.jar;C:\Users\aswin\.m2\repository\org\checkerframework\checker-qual\3.5.0\checker-qual-3.5.0.jar;C:\Users\aswin\.m2\repository\org\projectlombok\lombok\1.18.24\lombok-1.18.24.jar;C:\Users\aswin\.m2\repository\jakarta\xml\bind\jakarta.xml.bind-api\2.3.3\jakarta.xml.bind-api-2.3.3.jar;C:\Users\aswin\.m2\repository\jakarta\activation\jakarta.activation-api\1.2.2\jakarta.activation-api-1.2.2.jar;C:\Users\aswin\.m2\repository\net\bytebuddy\byte-buddy\1.12.12\byte-buddy-1.12.12.jar;C:\Users\aswin\.m2\repository\org\springframework\spring-core\5.3.22\spring-core-5.3.22.jar;C:\Users\aswin\.m2\repository\org\springframework\spring-jcl\5.3.22\spring-jcl-5.3.22.jar;C:\Users\aswin\.m2\repository\org\springframework\boot\spring-boot-starter-data-jpa\2.7.2\spring-boot-starter-data-jpa-2.7.2.jar;C:\Users\aswin\.m2\repository\org\springframework\boot\spring-boot-starter-aop\2.7.2\spring-boot-starter-aop-2.7.2.jar;C:\Users\aswin\.m2\repository\org\aspectj\aspectjweaver\1.9.7\aspectjweaver-1.9.7.jar;C:\Users\aswin\.m2\repository\org\springframework\boot\spring-boot-starter-jdbc\2.7.2\spring-boot-starter-jdbc-2.7.2.jar;C:\Users\aswin\.m2\repository\com\zaxxer\HikariCP\4.0.3\HikariCP-4.0.3.jar;C:\Users\aswin\.m2\repository\org\springframework\spring-jdbc\5.3.22\spring-jdbc-5.3.22.jar;C:\Users\aswin\.m2\repository\jakarta\transaction\jakarta.transaction-api\1.3.3\jakarta.transaction-api-1.3.3.jar;C:\Users\aswin\.m2\repository\jakarta\persistence\jakarta.persistence-api\2.2.3\jakarta.persistence-api-2.2.3.jar;C:\Users\aswin\.m2\repository\org\hibernate\hibernate-core\5.6.10.Final\hibernate-core-5.6.10.Final.jar;C:\Users\aswin\.m2\repository\org\jboss\logging\jboss-logging\3.4.3.Final\jboss-logging-3.4.3.Final.jar;C:\Users\aswin\.m2\repository\antlr\antlr\2.7.7\antlr-2.7.7.jar;C:\Users\aswin\.m2\repository\org\jboss\jandex\2.4.2.Final\jandex-2.4.2.Final.jar;C:\Users\aswin\.m2\repository\com\fasterxml\classmate\1.5.1\classmate-1.5.1.jar;C:\Users\aswin\.m2\repository\org\hibernate\common\hibernate-commons-annotations\5.1.2.Final\hibernate-commons-annotations-5.1.2.Final.jar;C:\Users\aswin\.m2\repository\org\glassfish\jaxb\jaxb-runtime\2.3.6\jaxb-runtime-2.3.6.jar;C:\Users\aswin\.m2\repository\org\glassfish\jaxb\txw2\2.3.6\txw2-2.3.6.jar;C:\Users\aswin\.m2\repository\com\sun\istack\istack-commons-runtime\3.0.12\istack-commons-runtime-3.0.12.jar;C:\Users\aswin\.m2\repository\com\sun\activation\jakarta.activation\1.2.2\jakarta.activation-1.2.2.jar;C:\Users\aswin\.m2\repository\org\springframework\data\spring-data-jpa\2.7.2\spring-data-jpa-2.7.2.jar;C:\Users\aswin\.m2\repository\org\springframework\data\spring-data-commons\2.7.2\spring-data-commons-2.7.2.jar;C:\Users\aswin\.m2\repository\org\springframework\spring-orm\5.3.22\spring-orm-5.3.22.jar;C:\Users\aswin\.m2\repository\org\springframework\spring-tx\5.3.22\spring-tx-5.3.22.jar;C:\Users\aswin\.m2\repository\org\springframework\spring-aspects\5.3.22\spring-aspects-5.3.22.jar
Launcher Type: SUN_STANDARD

[Global flags]
     intx CICompilerCount                          = 3                                         {product} {ergonomic}
     uint ConcGCThreads                            = 1                                         {product} {ergonomic}
     uint G1ConcRefinementThreads                  = 4                                         {product} {ergonomic}
   size_t G1HeapRegionSize                         = 1048576                                   {product} {ergonomic}
    uintx GCDrainStackTargetSize                   = 64                                        {product} {ergonomic}
   size_t InitialHeapSize                          = 132120576                                 {product} {ergonomic}
     bool ManagementServer                         = true                                      {product} {command line}
   size_t MarkStackSize                            = 4194304                                   {product} {ergonomic}
   size_t MaxHeapSize                              = 2105540608                                {product} {ergonomic}
   size_t MaxNewSize                               = 1262485504                                {product} {ergonomic}
   size_t MinHeapDeltaBytes                        = 1048576                                   {product} {ergonomic}
   size_t MinHeapSize                              = 8388608                                   {product} {ergonomic}
    uintx NonProfiledCodeHeapSize                  = 0                                      {pd product} {ergonomic}
     bool ProfileInterpreter                       = false                                  {pd product} {command line}
    uintx ProfiledCodeHeapSize                     = 0                                      {pd product} {ergonomic}
   size_t SoftMaxHeapSize                          = 2105540608                             {manageable} {ergonomic}
     intx TieredStopAtLevel                        = 1                                         {product} {command line}
     bool UseCompressedClassPointers               = true                           {product lp64_product} {ergonomic}
     bool UseCompressedOops                        = true                           {product lp64_product} {ergonomic}
     bool UseG1GC                                  = true                                      {product} {ergonomic}
     bool UseLargePagesIndividualAllocation        = false                                  {pd product} {ergonomic}

Logging:
Log output configuration:
 #0: stdout all=warning uptime,level,tags foldmultilines=false
 #1: stderr all=off uptime,level,tags foldmultilines=false

Environment Variables:
JAVA_HOME=C:\Program Files\Java\jdk-18.0.2\bin
PATH=C:\Program Files\Common Files\Oracle\Java\javapath;C:\Program Files (x86)\Common Files\Intel\Shared Libraries\redist\intel64\compiler;C:\Program Files\Java\jdk-18.0.2\bin;C:\Windows;C:\Windows\System32\Wbem;C:\Windows\System32\WindowsPowerShell\v1.0\;C:\Windows\System32\OpenSSH\;C:\Program Files\NVIDIA Corporation\NVIDIA NvDLISR;C:\Program Files (x86)\NVIDIA Corporation\PhysX\Common;C:\Program Files\Microsoft SQL Server\150\Tools\Binn\;C:\Program Files\Microsoft SQL Server\Client SDK\ODBC\170\Tools\Binn\;C:\Program Files (x86)\Microsoft SQL Server\150\DTS\Binn\;C:\Program Files\Azure Data Studio\bin;C:\Program Files\nodejs\;C:\ProgramData\chocolatey\bin;C:\Program Files\dotnet\;C:\xampp\php;C:\composer;C:\Program Files (x86)\Microsoft SQL Server\150\Tools\Binn\;C:\Program Files\Microsoft SQL Server\150\DTS\Binn\;C:\Program Files\Git\cmd;C:\Users\aswin\AppData\Roaming\npm\node_modules\@angular\cli;C:\Users\aswin\AppData\Local\Microsoft\WindowsApps;C:\Program Files\Azure Data Studio\bin;C:\Users\aswin\AppData\Roaming\npm;C:\Users\aswin\.dotnet\tools;C:\Users\aswin\AppData\Local\Programs\Microsoft VS Code\bin;C:\Users\aswin\AppData\Roaming\Composer\vendor\bin;C:\Users\aswin\AppData\Local\atom\bin;C:\Program Files\Java\jdk-18.0.2\bin;E:\IntelliJ IDEA\IntelliJ IDEA 2021.3\bin;;C:\Users\aswin\AppData\Roaming\npm\node_modules\@angular\cli;
USERNAME=aswin
OS=Windows_NT
PROCESSOR_IDENTIFIER=Intel64 Family 6 Model 78 Stepping 3, GenuineIntel



---------------  S Y S T E M  ---------------

OS:
 Windows 10 , 64 bit Build 19041 (10.0.19041.1889)
OS uptime: 2 days 12:10 hours
Hyper-V role detected

CPU: total 4 (initial active 4) (2 cores per cpu, 2 threads per core) family 6 model 78 stepping 3 microcode 0xcc, cx8, cmov, fxsr, ht, mmx, 3dnowpref, sse, sse2, sse3, ssse3, sse4.1, sse4.2, popcnt, lzcnt, tsc, tscinvbit, avx, avx2, aes, erms, clmul, bmi1, bmi2, adx, fma, vzeroupper, clflush, clflushopt, hv

Memory: 4k page, system-wide physical 8030M (245M free)
TotalPageFile size 32606M (AvailPageFile size 25M)
current process WorkingSet (physical memory assigned to process): 134M, peak: 150M
current process commit charge ("private bytes"): 173M, peak: 233M

vm_info: Java HotSpot(TM) 64-Bit Server VM (18.0.2+9-61) for windows-amd64 JRE (18.0.2+9-61), built on Jun  7 2022 13:09:01 by "mach5one" with MS VC++ 16.8 / 16.9 (VS2019)

END.
